<?xml version="1.0" encoding="UTF-8"?>
<testsuite xmlns:xsi="http://www.w3.org/2001/XMLSchema-instance" xsi:schemaLocation="https://maven.apache.org/surefire/maven-surefire-plugin/xsd/surefire-test-report.xsd" name="Proceso.SergioFernandoMartinezCabrera" time="1.708" tests="2" errors="0" skipped="0" failures="0">
  <properties>
[...]
</properties>
  <testcase name="validateDescription" classname="Proceso.SergioFernandoMartinezCabrera" time="1.652"/>
  <testcase name="validateCode" classname="Proceso.SergioFernandoMartinezCabrera" time="0.035"/>
</testsuite>